<?xml version="1.0" encoding="UTF-8"?>
<!-- Generated by org.testng.reporters.JUnitXMLReporter -->
<testsuite ignored="0" hostname="MSI" failures="0" tests="5" name="Test" time="7.556" errors="0" timestamp="2024-04-25T15:02:09 IST">
  <testcase classname="apiCalls_Package.EcomLoginAPI" name="loginToApp" time="1.58"/>
  <testcase classname="apiCalls_Package.EcomAddProduct" name="AddProduct" time="4.101"/>
  <testcase classname="apiCalls_Package.EcomPlaceOrder" name="placeOrder" time="0.483"/>
  <testcase classname="apiCalls_Package.EcomPlaceOrder" name="viewOrder" time="1.104"/>
  <testcase classname="apiCalls_Package.EcomDeleteProduct" name="deleteproduct" time="0.245"/>
</testsuite> <!-- Test -->
