<?xml version="1.0" encoding="UTF-8"?>
<testng-results ignored="0" total="5" passed="5" failed="0" skipped="0">
  <reporter-output>
  </reporter-output>
  <suite started-at="2024-04-25T15:02:02 IST" name="Suite" finished-at="2024-04-25T15:02:09 IST" duration-ms="7556">
    <groups>
    </groups>
    <test started-at="2024-04-25T15:02:02 IST" name="Test" finished-at="2024-04-25T15:02:09 IST" duration-ms="7556">
      <class name="apiCalls_Package.EcomPlaceOrder">
        <test-method is-config="true" signature="initRequestAndResponseSpecBuilder()[pri:0, instance:apiCalls_Package.EcomPlaceOrder@158d2680]" started-at="2024-04-25T15:02:07 IST" name="initRequestAndResponseSpecBuilder" finished-at="2024-04-25T15:02:07 IST" duration-ms="15" status="PASS">
          <reporter-output>
          </reporter-output>
        </test-method> <!-- initRequestAndResponseSpecBuilder -->
        <test-method signature="placeOrder()[pri:1, instance:apiCalls_Package.EcomPlaceOrder@158d2680]" started-at="2024-04-25T15:02:07 IST" name="placeOrder" finished-at="2024-04-25T15:02:08 IST" duration-ms="483" status="PASS">
          <reporter-output>
          </reporter-output>
        </test-method> <!-- placeOrder -->
        <test-method signature="viewOrder()[pri:2, instance:apiCalls_Package.EcomPlaceOrder@158d2680]" started-at="2024-04-25T15:02:08 IST" name="viewOrder" finished-at="2024-04-25T15:02:09 IST" duration-ms="1104" status="PASS">
          <reporter-output>
          </reporter-output>
        </test-method> <!-- viewOrder -->
      </class> <!-- apiCalls_Package.EcomPlaceOrder -->
      <class name="apiCalls_Package.EcomAddProduct">
        <test-method signature="AddProduct()[pri:0, instance:apiCalls_Package.EcomAddProduct@4f18837a]" started-at="2024-04-25T15:02:03 IST" name="AddProduct" finished-at="2024-04-25T15:02:07 IST" duration-ms="4101" status="PASS">
          <reporter-output>
          </reporter-output>
        </test-method> <!-- AddProduct -->
      </class> <!-- apiCalls_Package.EcomAddProduct -->
      <class name="apiCalls_Package.EcomLoginAPI">
        <test-method signature="loginToApp()[pri:0, instance:apiCalls_Package.EcomLoginAPI@7c729a55]" started-at="2024-04-25T15:02:02 IST" name="loginToApp" finished-at="2024-04-25T15:02:03 IST" duration-ms="1580" status="PASS">
          <reporter-output>
          </reporter-output>
        </test-method> <!-- loginToApp -->
      </class> <!-- apiCalls_Package.EcomLoginAPI -->
      <class name="apiCalls_Package.EcomDeleteProduct">
        <test-method signature="deleteproduct()[pri:0, instance:apiCalls_Package.EcomDeleteProduct@77847718]" started-at="2024-04-25T15:02:09 IST" name="deleteproduct" finished-at="2024-04-25T15:02:09 IST" duration-ms="245" status="PASS">
          <reporter-output>
          </reporter-output>
        </test-method> <!-- deleteproduct -->
      </class> <!-- apiCalls_Package.EcomDeleteProduct -->
    </test> <!-- Test -->
  </suite> <!-- Suite -->
</testng-results>
